[INFO] Scanning for projects...
[INFO] 
[INFO] -----------------------< com.seedcrm:crm_server >-----------------------
[INFO] Building crm_server 0.0.1-SNAPSHOT
[INFO]   from pom.xml
[INFO] --------------------------------[ jar ]---------------------------------
[INFO] 
[INFO] >>> spring-boot:3.5.9:run (default-cli) > test-compile @ crm_server >>>
[INFO] 
[INFO] --- resources:3.3.1:resources (default-resources) @ crm_server ---
[INFO] Copying 1 resource from src\main\resources to target\classes
[INFO] Copying 0 resource from src\main\resources to target\classes
[INFO] 
[INFO] --- compiler:3.14.1:compile (default-compile) @ crm_server ---
[INFO] Nothing to compile - all classes are up to date.
[INFO] 
[INFO] --- resources:3.3.1:testResources (default-testResources) @ crm_server ---
[INFO] Copying 1 resource from src\test\resources to target\test-classes
[INFO] 
[INFO] --- compiler:3.14.1:testCompile (default-testCompile) @ crm_server ---
[INFO] Nothing to compile - all classes are up to date.
[INFO] 
[INFO] <<< spring-boot:3.5.9:run (default-cli) < test-compile @ crm_server <<<
[INFO] 
[INFO] 
[INFO] --- spring-boot:3.5.9:run (default-cli) @ crm_server ---
[INFO] Attaching agents: []

  .   ____          _            __ _ _
 /\\ / ___'_ __ _ _(_)_ __  __ _ \ \ \ \
( ( )\___ | '_ | '_| | '_ \/ _` | \ \ \ \
 \\/  ___)| |_)| | | | | || (_| |  ) ) ) )
  '  |____| .__|_| |_|_| |_\__, | / / / /
 =========|_|==============|___/=/_/_/_/

 :: Spring Boot ::                (v3.5.9)

2026-04-24T17:58:50.600+08:00  INFO 14420 --- [           main] com.seedcrm.crm.CrmApplication           : Starting CrmApplication using Java 17.0.18 with PID 14420 (E:\studio\test\seedcrm\crm_server\target\classes started by Administrator in E:\studio\test\seedcrm\crm_server)
2026-04-24T17:58:50.604+08:00  INFO 14420 --- [           main] com.seedcrm.crm.CrmApplication           : No active profile set, falling back to 1 default profile: "default"
2026-04-24T17:58:52.714+08:00  INFO 14420 --- [           main] o.s.b.w.embedded.tomcat.TomcatWebServer  : Tomcat initialized with port 8080 (http)
2026-04-24T17:58:52.730+08:00  INFO 14420 --- [           main] o.apache.catalina.core.StandardService   : Starting service [Tomcat]
2026-04-24T17:58:52.730+08:00  INFO 14420 --- [           main] o.apache.catalina.core.StandardEngine    : Starting Servlet engine: [Apache Tomcat/10.1.50]
2026-04-24T17:58:52.793+08:00  INFO 14420 --- [           main] o.a.c.c.C.[Tomcat].[localhost].[/]       : Initializing Spring embedded WebApplicationContext
2026-04-24T17:58:52.808+08:00  INFO 14420 --- [           main] w.s.c.ServletWebServerApplicationContext : Root WebApplicationContext: initialization completed in 2120 ms
2026-04-24T17:58:52.982+08:00  INFO 14420 --- [           main] com.zaxxer.hikari.HikariDataSource       : HikariPool-1 - Starting...
2026-04-24T17:58:53.801+08:00  INFO 14420 --- [           main] com.zaxxer.hikari.pool.HikariPool        : HikariPool-1 - Added connection com.mysql.cj.jdbc.ConnectionImpl@7302ff13
2026-04-24T17:58:53.817+08:00  INFO 14420 --- [           main] com.zaxxer.hikari.HikariDataSource       : HikariPool-1 - Start completed.
 _ _   |_  _ _|_. ___ _ |    _ 
| | |\/|_)(_| | |_\  |_)||_|_\ 
     /               |         
                        3.5.15 
2026-04-24T17:59:01.590+08:00  INFO 14420 --- [           main] m.e.s.MybatisPlusApplicationContextAware : Register ApplicationContext instances org.springframework.boot.web.servlet.context.AnnotationConfigServletWebServerApplicationContext@12d2ce03
2026-04-24T17:59:01.810+08:00  INFO 14420 --- [           main] o.s.b.w.embedded.tomcat.TomcatWebServer  : Tomcat started on port 8080 (http) with context path '/'
2026-04-24T17:59:01.841+08:00  INFO 14420 --- [           main] com.seedcrm.crm.CrmApplication           : Started CrmApplication in 12.031 seconds (process running for 12.567)
2026-04-24T17:59:02.122+08:00  INFO 14420 --- [nio-8080-exec-1] o.a.c.c.C.[Tomcat].[localhost].[/]       : Initializing Spring DispatcherServlet 'dispatcherServlet'
2026-04-24T17:59:02.122+08:00  INFO 14420 --- [nio-8080-exec-1] o.s.web.servlet.DispatcherServlet        : Initializing Servlet 'dispatcherServlet'
2026-04-24T17:59:02.122+08:00  INFO 14420 --- [nio-8080-exec-1] o.s.web.servlet.DispatcherServlet        : Completed initialization in 0 ms
