[INFO] Scanning for projects...
[INFO] 
[INFO] -----------------------< com.seedcrm:crm_server >-----------------------
[INFO] Building crm_server 0.0.1-SNAPSHOT
[INFO]   from pom.xml
[INFO] --------------------------------[ jar ]---------------------------------
[INFO] 
[INFO] >>> spring-boot:3.5.9:run (default-cli) > test-compile @ crm_server >>>
[INFO] 
[INFO] --- resources:3.3.1:resources (default-resources) @ crm_server ---
[INFO] Copying 1 resource from src\main\resources to target\classes
[INFO] Copying 0 resource from src\main\resources to target\classes
[INFO] 
[INFO] --- compiler:3.14.1:compile (default-compile) @ crm_server ---
[INFO] Nothing to compile - all classes are up to date.
[INFO] 
[INFO] --- resources:3.3.1:testResources (default-testResources) @ crm_server ---
[INFO] Copying 1 resource from src\test\resources to target\test-classes
[INFO] 
[INFO] --- compiler:3.14.1:testCompile (default-testCompile) @ crm_server ---
[INFO] Nothing to compile - all classes are up to date.
[INFO] 
[INFO] <<< spring-boot:3.5.9:run (default-cli) < test-compile @ crm_server <<<
[INFO] 
[INFO] 
[INFO] --- spring-boot:3.5.9:run (default-cli) @ crm_server ---
[INFO] Attaching agents: []

  .   ____          _            __ _ _
 /\\ / ___'_ __ _ _(_)_ __  __ _ \ \ \ \
( ( )\___ | '_ | '_| | '_ \/ _` | \ \ \ \
 \\/  ___)| |_)| | | | | || (_| |  ) ) ) )
  '  |____| .__|_| |_|_| |_\__, | / / / /
 =========|_|==============|___/=/_/_/_/

 :: Spring Boot ::                (v3.5.9)

2026-04-21T18:15:05.858+08:00  INFO 19180 --- [           main] com.seedcrm.crm.CrmApplication           : Starting CrmApplication using Java 17.0.18 with PID 19180 (E:\studio\test\seedcrm\crm_server\target\classes started by Administrator in E:\studio\test\seedcrm\crm_server)
2026-04-21T18:15:05.863+08:00  INFO 19180 --- [           main] com.seedcrm.crm.CrmApplication           : No active profile set, falling back to 1 default profile: "default"
2026-04-21T18:15:07.224+08:00  INFO 19180 --- [           main] o.s.b.w.embedded.tomcat.TomcatWebServer  : Tomcat initialized with port 8080 (http)
2026-04-21T18:15:07.239+08:00  INFO 19180 --- [           main] o.apache.catalina.core.StandardService   : Starting service [Tomcat]
2026-04-21T18:15:07.244+08:00  INFO 19180 --- [           main] o.apache.catalina.core.StandardEngine    : Starting Servlet engine: [Apache Tomcat/10.1.50]
2026-04-21T18:15:07.312+08:00  INFO 19180 --- [           main] o.a.c.c.C.[Tomcat].[localhost].[/]       : Initializing Spring embedded WebApplicationContext
2026-04-21T18:15:07.317+08:00  INFO 19180 --- [           main] w.s.c.ServletWebServerApplicationContext : Root WebApplicationContext: initialization completed in 1398 ms
2026-04-21T18:15:07.420+08:00  INFO 19180 --- [           main] com.zaxxer.hikari.HikariDataSource       : HikariPool-1 - Starting...
2026-04-21T18:15:07.808+08:00  INFO 19180 --- [           main] com.zaxxer.hikari.pool.HikariPool        : HikariPool-1 - Added connection com.mysql.cj.jdbc.ConnectionImpl@12417468
2026-04-21T18:15:07.811+08:00  INFO 19180 --- [           main] com.zaxxer.hikari.HikariDataSource       : HikariPool-1 - Start completed.
2026-04-21T18:15:07.909+08:00  INFO 19180 --- [           main] c.s.c.clue.config.ClueTableInitializer   : added unique index uk_clue_phone on clue.phone
2026-04-21T18:15:07.953+08:00  INFO 19180 --- [           main] c.s.c.clue.config.ClueTableInitializer   : added unique index uk_clue_wechat on clue.wechat
 _ _   |_  _ _|_. ___ _ |    _ 
| | |\/|_)(_| | |_\  |_)||_|_\ 
     /               |         
                        3.5.15 
2026-04-21T18:15:08.763+08:00  INFO 19180 --- [           main] c.s.c.c.config.CustomerTableInitializer  : created table customer
2026-04-21T18:15:09.189+08:00  INFO 19180 --- [           main] m.e.s.MybatisPlusApplicationContextAware : Register ApplicationContext instances org.springframework.boot.web.servlet.context.AnnotationConfigServletWebServerApplicationContext@12d2ce03
2026-04-21T18:15:09.301+08:00  INFO 19180 --- [           main] o.s.b.w.embedded.tomcat.TomcatWebServer  : Tomcat started on port 8080 (http) with context path '/'
2026-04-21T18:15:09.311+08:00  INFO 19180 --- [           main] com.seedcrm.crm.CrmApplication           : Started CrmApplication in 3.954 seconds (process running for 4.348)
OpenJDK 64-Bit Server VM warning: Sharing is only supported for boot loader classes because bootstrap classpath has been appended
2026-04-21T18:16:23.611+08:00  INFO 19180 --- [nio-8080-exec-1] o.s.web.servlet.DispatcherServlet        : Initializing Servlet 'dispatcherServlet'
2026-04-21T18:16:23.621+08:00  INFO 19180 --- [nio-8080-exec-1] o.s.web.servlet.DispatcherServlet        : Completed initialization in 3 ms
2026-04-21T18:16:24.156+08:00  INFO 19180 --- [nio-8080-exec-3] c.s.c.o.service.impl.OrderServiceImpl    : order created, orderNo=ORD202604211816241153678, customerId=1, status=CREATED
2026-04-21T18:16:24.236+08:00  INFO 19180 --- [nio-8080-exec-4] c.s.c.o.service.impl.OrderServiceImpl    : order status updated, orderNo=ORD202604211816241153678, customerId=1, status=PAID_DEPOSIT
2026-04-21T18:16:24.339+08:00  INFO 19180 --- [nio-8080-exec-9] c.s.c.o.service.impl.OrderServiceImpl    : order status updated, orderNo=ORD202604211816241153678, customerId=1, status=APPOINTMENT
2026-04-21T18:16:24.364+08:00  INFO 19180 --- [nio-8080-exec-7] c.s.c.o.service.impl.OrderServiceImpl    : order status updated, orderNo=ORD202604211816241153678, customerId=1, status=ARRIVED
2026-04-21T18:16:24.388+08:00  INFO 19180 --- [nio-8080-exec-8] c.s.c.o.service.impl.OrderServiceImpl    : order status updated, orderNo=ORD202604211816241153678, customerId=1, status=SERVING
2026-04-21T18:16:24.412+08:00  INFO 19180 --- [nio-8080-exec-6] c.s.c.o.service.impl.OrderServiceImpl    : order status updated, orderNo=ORD202604211816241153678, customerId=1, status=COMPLETED
2026-04-21T18:16:24.444+08:00  INFO 19180 --- [nio-8080-exec-1] c.s.c.o.service.impl.OrderServiceImpl    : order created, orderNo=ORD202604211816244305202, customerId=1, status=CREATED
2026-04-21T18:17:01.554+08:00  INFO 19180 --- [nio-8080-exec-4] c.s.c.o.service.impl.OrderServiceImpl    : order created, orderNo=ORD202604211817015404304, customerId=1, status=CREATED
