[INFO] Scanning for projects...
[INFO] 
[INFO] -----------------------< com.seedcrm:crm_server >-----------------------
[INFO] Building crm_server 0.0.1-SNAPSHOT
[INFO]   from pom.xml
[INFO] --------------------------------[ jar ]---------------------------------
[INFO] 
[INFO] >>> spring-boot:3.5.9:run (default-cli) > test-compile @ crm_server >>>
[INFO] 
[INFO] --- resources:3.3.1:resources (default-resources) @ crm_server ---
[INFO] Copying 1 resource from src\main\resources to target\classes
[INFO] Copying 0 resource from src\main\resources to target\classes
[INFO] 
[INFO] --- compiler:3.14.1:compile (default-compile) @ crm_server ---
[INFO] Nothing to compile - all classes are up to date.
[INFO] 
[INFO] --- resources:3.3.1:testResources (default-testResources) @ crm_server ---
[INFO] Copying 1 resource from src\test\resources to target\test-classes
[INFO] 
[INFO] --- compiler:3.14.1:testCompile (default-testCompile) @ crm_server ---
[INFO] Nothing to compile - all classes are up to date.
[INFO] 
[INFO] <<< spring-boot:3.5.9:run (default-cli) < test-compile @ crm_server <<<
[INFO] 
[INFO] 
[INFO] --- spring-boot:3.5.9:run (default-cli) @ crm_server ---
[INFO] Attaching agents: []

  .   ____          _            __ _ _
 /\\ / ___'_ __ _ _(_)_ __  __ _ \ \ \ \
( ( )\___ | '_ | '_| | '_ \/ _` | \ \ \ \
 \\/  ___)| |_)| | | | | || (_| |  ) ) ) )
  '  |____| .__|_| |_|_| |_\__, | / / / /
 =========|_|==============|___/=/_/_/_/

 :: Spring Boot ::                (v3.5.9)

2026-04-30T11:10:50.045+08:00  INFO 24072 --- [           main] com.seedcrm.crm.CrmApplication           : Starting CrmApplication using Java 17.0.18 with PID 24072 (E:\studio\test\seedcrm\crm_server\target\classes started by Administrator in E:\studio\test\seedcrm\crm_server)
2026-04-30T11:10:50.051+08:00  INFO 24072 --- [           main] com.seedcrm.crm.CrmApplication           : No active profile set, falling back to 1 default profile: "default"
2026-04-30T11:10:52.163+08:00  INFO 24072 --- [           main] o.s.b.w.embedded.tomcat.TomcatWebServer  : Tomcat initialized with port 8080 (http)
2026-04-30T11:10:52.195+08:00  INFO 24072 --- [           main] o.apache.catalina.core.StandardService   : Starting service [Tomcat]
2026-04-30T11:10:52.195+08:00  INFO 24072 --- [           main] o.apache.catalina.core.StandardEngine    : Starting Servlet engine: [Apache Tomcat/10.1.50]
2026-04-30T11:10:52.279+08:00  INFO 24072 --- [           main] o.a.c.c.C.[Tomcat].[localhost].[/]       : Initializing Spring embedded WebApplicationContext
2026-04-30T11:10:52.282+08:00  INFO 24072 --- [           main] w.s.c.ServletWebServerApplicationContext : Root WebApplicationContext: initialization completed in 2158 ms
 _ _   |_  _ _|_. ___ _ |    _ 
| | |\/|_)(_| | |_\  |_)||_|_\ 
     /               |         
                        3.5.15 
2026-04-30T11:10:53.060+08:00  INFO 24072 --- [           main] com.zaxxer.hikari.HikariDataSource       : HikariPool-1 - Starting...
2026-04-30T11:10:53.454+08:00  INFO 24072 --- [           main] com.zaxxer.hikari.pool.HikariPool        : HikariPool-1 - Added connection com.mysql.cj.jdbc.ConnectionImpl@65f3e805
2026-04-30T11:10:53.464+08:00  INFO 24072 --- [           main] com.zaxxer.hikari.HikariDataSource       : HikariPool-1 - Start completed.
2026-04-30T11:10:54.013+08:00  INFO 24072 --- [           main] c.s.c.a.s.AuthAccessSchemaInitializer    : auth access system tables initialized with 40 menu seeds
2026-04-30T11:10:55.594+08:00  INFO 24072 --- [           main] letedOrderServiceFormBackfillInitializer : completed order service form backfill skipped, set seedcrm.backfill.completed-service-form.enabled=true to run it
2026-04-30T11:10:57.805+08:00  INFO 24072 --- [           main] m.e.s.MybatisPlusApplicationContextAware : Register ApplicationContext instances org.springframework.boot.web.servlet.context.AnnotationConfigServletWebServerApplicationContext@12d2ce03
2026-04-30T11:10:57.997+08:00  INFO 24072 --- [           main] o.s.b.w.embedded.tomcat.TomcatWebServer  : Tomcat started on port 8080 (http) with context path '/'
2026-04-30T11:10:58.017+08:00  INFO 24072 --- [           main] com.seedcrm.crm.CrmApplication           : Started CrmApplication in 8.724 seconds (process running for 9.174)
