
  .   ____          _            __ _ _
 /\\ / ___'_ __ _ _(_)_ __  __ _ \ \ \ \
( ( )\___ | '_ | '_| | '_ \/ _` | \ \ \ \
 \\/  ___)| |_)| | | | | || (_| |  ) ) ) )
  '  |____| .__|_| |_|_| |_\__, | / / / /
 =========|_|==============|___/=/_/_/_/

 :: Spring Boot ::                (v3.5.9)

2026-04-27T17:51:36.455+08:00  INFO 30072 --- [           main] com.seedcrm.crm.CrmApplication           : Starting CrmApplication using Java 17.0.18 with PID 30072 (E:\studio\test\seedcrm\crm_server\target\classes started by Administrator in E:\studio\test\seedcrm\crm_server)
2026-04-27T17:51:36.455+08:00  INFO 30072 --- [           main] com.seedcrm.crm.CrmApplication           : No active profile set, falling back to 1 default profile: "default"
2026-04-27T17:51:37.993+08:00  INFO 30072 --- [           main] o.s.b.w.embedded.tomcat.TomcatWebServer  : Tomcat initialized with port 8080 (http)
2026-04-27T17:51:38.012+08:00  INFO 30072 --- [           main] o.apache.catalina.core.StandardService   : Starting service [Tomcat]
2026-04-27T17:51:38.012+08:00  INFO 30072 --- [           main] o.apache.catalina.core.StandardEngine    : Starting Servlet engine: [Apache Tomcat/10.1.50]
2026-04-27T17:51:38.073+08:00  INFO 30072 --- [           main] o.a.c.c.C.[Tomcat].[localhost].[/]       : Initializing Spring embedded WebApplicationContext
2026-04-27T17:51:38.078+08:00  INFO 30072 --- [           main] w.s.c.ServletWebServerApplicationContext : Root WebApplicationContext: initialization completed in 1560 ms
2026-04-27T17:51:38.194+08:00  INFO 30072 --- [           main] com.zaxxer.hikari.HikariDataSource       : HikariPool-1 - Starting...
2026-04-27T17:51:38.559+08:00  INFO 30072 --- [           main] com.zaxxer.hikari.pool.HikariPool        : HikariPool-1 - Added connection com.mysql.cj.jdbc.ConnectionImpl@27960b1e
2026-04-27T17:51:38.571+08:00  INFO 30072 --- [           main] com.zaxxer.hikari.HikariDataSource       : HikariPool-1 - Start completed.
 _ _   |_  _ _|_. ___ _ |    _ 
| | |\/|_)(_| | |_\  |_)||_|_\ 
     /               |         
                        3.5.15 
2026-04-27T17:51:41.166+08:00  INFO 30072 --- [           main] m.e.s.MybatisPlusApplicationContextAware : Register ApplicationContext instances org.springframework.boot.web.servlet.context.AnnotationConfigServletWebServerApplicationContext@12d2ce03
2026-04-27T17:51:41.280+08:00  INFO 30072 --- [           main] o.s.b.w.embedded.tomcat.TomcatWebServer  : Tomcat started on port 8080 (http) with context path '/'
2026-04-27T17:51:41.291+08:00  INFO 30072 --- [           main] com.seedcrm.crm.CrmApplication           : Started CrmApplication in 5.432 seconds (process running for 5.812)
2026-04-27T17:52:11.326+08:00  INFO 30072 --- [nio-8080-exec-1] o.a.c.c.C.[Tomcat].[localhost].[/]       : Initializing Spring DispatcherServlet 'dispatcherServlet'
2026-04-27T17:52:11.329+08:00  INFO 30072 --- [nio-8080-exec-1] o.s.web.servlet.DispatcherServlet        : Initializing Servlet 'dispatcherServlet'
2026-04-27T17:52:11.329+08:00  INFO 30072 --- [nio-8080-exec-1] o.s.web.servlet.DispatcherServlet        : Completed initialization in 0 ms
