
  [32m[1mVITE[22m v8.0.9[39m  [2mready in [0m[1m592[22m[2m[0m ms[22m

  [32m➜[39m  [1mLocal[22m:   [36mhttp://127.0.0.1:[1m4173[22m/[39m
[2m19:06:30[22m [36m[1m[vite][22m[39m [90m[2m(client)[22m[39m [32mhmr update [39m[2m/src/views/MemberInfoView.vue[22m
[2m19:07:11[22m [36m[1m[vite][22m[39m [90m[2m(client)[22m[39m [32mhmr update [39m[2m/src/views/DistributionApiView.vue[22m
[2m19:07:27[22m [36m[1m[vite][22m[39m [90m[2m(client)[22m[39m [32mhmr update [39m[2m/src/views/DistributionApiView.vue[22m
[2m19:08:29[22m [36m[1m[vite][22m[39m [90m[2m(client)[22m[39m [32mhmr update [39m[2m/src/layouts/AppLayout.vue, /src/views/ClueManagement.vue, /src/views/CustomerDetail.vue, /src/views/ClueAutoAssignmentView.vue, /src/views/MemberInfoView.vue, /src/views/MySalaryView.vue, /src/views/PaidOrderManagement.vue, /src/views/FinanceOverview.vue, /src/views/PlanOrderService.vue, /src/views/OrderManagement.vue, /src/views/PlatformRuntimeView.vue, /src/views/PrivateDomainCustomerProfileView.vue, /src/views/PrivateDomainTagManagementView.vue, /src/views/PlatformDouyinConfigView.vue and 10 more[22m
[2m22:01:54[22m [36m[1m[vite][22m[39m [90m[2m(client)[22m[39m [32mhmr update [39m[2m/src/views/InterfaceDebugView.vue, /src/views/InterfaceDebugView.vue?vue&type=style&index=0&scoped=e7eb6ef6&lang.css[22m
[2m01:59:11[22m [36m[1m[vite][22m[39m [90m[2m(client)[22m[39m [32mhmr update [39m[2m/src/views/DistributionApiView.vue, /src/views/InterfaceDebugView.vue, /src/views/PlatformRuntimeView.vue, /src/views/PlatformDouyinConfigView.vue, /src/views/SchedulerCenter.vue, /src/views/SystemSettingView.vue[22m
[2m01:59:33[22m [36m[1m[vite][22m[39m [90m[2m(client)[22m[39m [32mhmr update [39m[2m/src/views/DistributionApiView.vue, /src/views/DistributionApiView.vue?vue&type=style&index=0&scoped=412aa3bc&lang.css[22m
[2m02:01:11[22m [36m[1m[vite][22m[39m [90m[2m(client)[22m[39m [32mhmr update [39m[2m/src/views/DistributionApiView.vue, /src/views/DistributionApiView.vue?vue&type=style&index=0&scoped=412aa3bc&lang.css[22m
[2m02:11:56[22m [36m[1m[vite][22m[39m [90m[2m(client)[22m[39m [32mhmr update [39m[2m/src/views/InterfaceDebugView.vue, /src/views/PlatformRuntimeView.vue, /src/views/PlatformDouyinConfigView.vue, /src/views/SchedulerCenter.vue, /src/views/SystemSettingView.vue, /src/views/DistributionApiView.vue[22m
[2m02:12:17[22m [36m[1m[vite][22m[39m [90m[2m(client)[22m[39m [32mhmr update [39m[2m/src/views/DistributionApiView.vue, /src/views/DistributionApiView.vue?vue&type=style&index=0&scoped=412aa3bc&lang.css[22m
[2m02:25:53[22m [36m[1m[vite][22m[39m [90m[2m(client)[22m[39m [32mhmr update [39m[2m/src/views/SchedulerCenter.vue, /src/views/SchedulerCenter.vue?vue&type=style&index=0&scoped=fe222e67&lang.css[22m
[2m02:27:32[22m [36m[1m[vite][22m[39m [90m[2m(client)[22m[39m [32mhmr update [39m[2m/src/views/SchedulerCenter.vue, /src/views/SchedulerCenter.vue?vue&type=style&index=0&scoped=fe222e67&lang.css[22m
[2m02:28:07[22m [36m[1m[vite][22m[39m [90m[2m(client)[22m[39m [32mhmr update [39m[2m/src/layouts/AppLayout.vue, /src/views/ClueManagement.vue, /src/views/CustomerDetail.vue, /src/views/ClueAutoAssignmentView.vue, /src/views/MemberInfoView.vue, /src/views/MySalaryView.vue, /src/views/PaidOrderManagement.vue, /src/views/FinanceOverview.vue, /src/views/PlanOrderService.vue, /src/views/OrderManagement.vue, /src/views/PlatformRuntimeView.vue, /src/views/PrivateDomainCustomerProfileView.vue, /src/views/PrivateDomainTagManagementView.vue, /src/views/PlatformDouyinConfigView.vue and 11 more[22m
[2m07:25:04[22m [36m[1m[vite][22m[39m [90m[2m(client)[22m[39m [32mhmr update [39m[2m/src/views/InterfaceDebugView.vue, /src/views/PlatformRuntimeView.vue, /src/views/PlatformDouyinConfigView.vue, /src/views/SystemSettingView.vue, /src/views/DistributionApiView.vue, /src/views/SchedulerCenter.vue[22m
[2m07:26:05[22m [36m[1m[vite][22m[39m [90m[2m(client)[22m[39m [32mhmr update [39m[2m/src/views/SchedulerCenter.vue, /src/views/SchedulerCenter.vue?vue&type=style&index=0&scoped=fe222e67&lang.css[22m
[2m07:26:20[22m [36m[1m[vite][22m[39m [90m[2m(client)[22m[39m [32mhmr update [39m[2m/src/views/SchedulerCenter.vue[22m
[2m07:26:54[22m [36m[1m[vite][22m[39m [90m[2m(client)[22m[39m [32mhmr update [39m[2m/src/views/DistributionApiView.vue[22m
[2m07:53:49[22m [36m[1m[vite][22m[39m [90m[2m(client)[22m[39m [32mhmr update [39m[2m/src/views/InterfaceDebugView.vue[22m
[2m08:13:47[22m [36m[1m[vite][22m[39m [90m[2m(client)[22m[39m [32mhmr update [39m[2m/src/views/DistributionApiView.vue[22m
