[2m12:47:36[22m [31m[1m[vite][22m[39m [31m[2m(client)[22m[39m [31m[Unhandled rejection] [1mAxiosError[22m: Request failed with status code 404
[39m > settle node_modules/axios/lib/core/settle.js:20:6
 > XMLHttpRequest.onloadend node_modules/axios/lib/adapters/xhr.js:62:8
 > Axios$1.request node_modules/axios/lib/core/Axios.js:46:40
 > loadData src/views/ClueAutoAssignmentView.vue:223:64
    221 |  
    222 |  async function loadData() {
    223 |    const [strategyResponse, dutyStaffResponse, dedupResponse] = await Promise.all([
        |                                                                  ^
    224 |      fetchAssignmentStrategy(),
    225 |      fetchDutyCustomerServices(),

[2m12:47:53[22m [31m[1m[vite][22m[39m [31m[2m(client)[22m[39m [31m[Unhandled rejection] [1mAxiosError[22m: Request failed with status code 404
[39m > settle node_modules/axios/lib/core/settle.js:20:6
 > XMLHttpRequest.onloadend node_modules/axios/lib/adapters/xhr.js:62:8
 > Axios$1.request node_modules/axios/lib/core/Axios.js:46:40
 > loadData src/views/ClueAutoAssignmentView.vue:223:64
    221 |  
    222 |  async function loadData() {
    223 |    const [strategyResponse, dutyStaffResponse, dedupResponse] = await Promise.all([
        |                                                                  ^
    224 |      fetchAssignmentStrategy(),
    225 |      fetchDutyCustomerServices(),

[2m12:47:55[22m [31m[1m[vite][22m[39m [31m[2m(client)[22m[39m [31m[Unhandled rejection] [1mAxiosError[22m: Request failed with status code 404
[39m > settle node_modules/axios/lib/core/settle.js:20:6
 > XMLHttpRequest.onloadend node_modules/axios/lib/adapters/xhr.js:62:8
 > Axios$1.request node_modules/axios/lib/core/Axios.js:46:40
 > loadData src/views/ClueAutoAssignmentView.vue:223:64
    221 |  
    222 |  async function loadData() {
    223 |    const [strategyResponse, dutyStaffResponse, dedupResponse] = await Promise.all([
        |                                                                  ^
    224 |      fetchAssignmentStrategy(),
    225 |      fetchDutyCustomerServices(),

[2m13:19:36[22m [31m[1m[vite][22m[39m [31m[2m(client)[22m[39m [31m[Unhandled rejection] [1mAxiosError[22m: Request failed with status code 404
[39m > settle node_modules/axios/lib/core/settle.js:20:6
 > XMLHttpRequest.onloadend node_modules/axios/lib/adapters/xhr.js:62:8
 > Axios$1.request node_modules/axios/lib/core/Axios.js:46:40
 > loadData src/views/ClueAutoAssignmentView.vue:223:64
    221 |  
    222 |  async function loadData() {
    223 |    const [strategyResponse, dutyStaffResponse, dedupResponse] = await Promise.all([
        |                                                                  ^
    224 |      fetchAssignmentStrategy(),
    225 |      fetchDutyCustomerServices(),

[2m13:53:25[22m [31m[1m[vite][22m[39m [31m[2m(client)[22m[39m [31m[Unhandled rejection] [1mAxiosError[22m: Request failed with status code 404
[39m > settle node_modules/axios/lib/core/settle.js:20:6
 > XMLHttpRequest.onloadend node_modules/axios/lib/adapters/xhr.js:62:8
 > Axios$1.request node_modules/axios/lib/core/Axios.js:46:40
 > loadData src/views/ClueAutoAssignmentView.vue:223:64
    221 |  
    222 |  async function loadData() {
    223 |    const [strategyResponse, dutyStaffResponse, dedupResponse] = await Promise.all([
        |                                                                  ^
    224 |      fetchAssignmentStrategy(),
    225 |      fetchDutyCustomerServices(),

[2m13:53:29[22m [31m[1m[vite][22m[39m [31m[2m(client)[22m[39m [31m[Unhandled rejection] [1mAxiosError[22m: Request failed with status code 404
[39m > settle node_modules/axios/lib/core/settle.js:20:6
 > XMLHttpRequest.onloadend node_modules/axios/lib/adapters/xhr.js:62:8
 > Axios$1.request node_modules/axios/lib/core/Axios.js:46:40
 > loadData src/views/ClueAutoAssignmentView.vue:223:64
    221 |  
    222 |  async function loadData() {
    223 |    const [strategyResponse, dutyStaffResponse, dedupResponse] = await Promise.all([
        |                                                                  ^
    224 |      fetchAssignmentStrategy(),
    225 |      fetchDutyCustomerServices(),

[2m14:12:07[22m [31m[1m[vite][22m[39m [31m[2m(client)[22m[39m [31m[Unhandled rejection] [1mAxiosError[22m: Request failed with status code 404
[39m > settle node_modules/axios/lib/core/settle.js:20:6
 > XMLHttpRequest.onloadend node_modules/axios/lib/adapters/xhr.js:62:8
 > Axios$1.request node_modules/axios/lib/core/Axios.js:46:40
 > loadData src/views/ClueAutoAssignmentView.vue:223:64
    221 |  
    222 |  async function loadData() {
    223 |    const [strategyResponse, dutyStaffResponse, dedupResponse] = await Promise.all([
        |                                                                  ^
    224 |      fetchAssignmentStrategy(),
    225 |      fetchDutyCustomerServices(),

[2m14:12:15[22m [31m[1m[vite][22m[39m [31m[2m(client)[22m[39m [31m[Unhandled rejection] [1mAxiosError[22m: Request failed with status code 404
[39m > settle node_modules/axios/lib/core/settle.js:20:6
 > XMLHttpRequest.onloadend node_modules/axios/lib/adapters/xhr.js:62:8
 > Axios$1.request node_modules/axios/lib/core/Axios.js:46:40
 > loadData src/views/ClueAutoAssignmentView.vue:223:64
    221 |  
    222 |  async function loadData() {
    223 |    const [strategyResponse, dutyStaffResponse, dedupResponse] = await Promise.all([
        |                                                                  ^
    224 |      fetchAssignmentStrategy(),
    225 |      fetchDutyCustomerServices(),

